1643309123064	geckodriver	INFO	Listening on 127.0.0.1:61623
1643309126132	mozrunner::runner	INFO	Running command: "C:\\Program Files\\Mozilla Firefox\\firefox.exe" "--marionette" "--remote-debugging-port" "61624" "-no-remote" "-profile" "C:\\Users\\ngumbk\\AppData\\Local\\Temp\\rust_mozprofilexiEQjK"
1643309126706	Marionette	INFO	Marionette enabled
console.warn: SearchSettings: "get: No settings file exists, new profile?" (new NotFoundError("Could not open the file at C:\\Users\\ngumbk\\AppData\\Local\\Temp\\rust_mozprofilexiEQjK\\search.json.mozlz4", (void 0)))
DevTools listening on ws://localhost:61624/devtools/browser/942aaaa9-dfe4-4bcd-b604-8176f8b1d2fc
1643309130049	Marionette	INFO	Listening on port 61629
1643309130337	RemoteAgent	WARN	TLS certificate errors will be ignored for this session
1643309140684	Marionette	INFO	Stopped listening on port 61629

###!!! [Child][RunMessage] Error: Channel closing: too late to send/recv, messages will be lost


###!!! [Child][RunMessage] Error: Channel closing: too late to send/recv, messages will be lost


###!!! [Child][RunMessage] Error: Channel closing: too late to send/recv, messages will be lost


###!!! [Child][RunMessage] Error: Channel closing: too late to send/recv, messages will be lost


###!!! [Child][RunMessage] Error: Channel closing: too late to send/recv, messages will be lost


###!!! [Parent][MessageChannel] Error: (msgtype=0x3A014F,name=PContent::Reply_DiscardBrowsingContext) Closed channel: cannot send/recv


###!!! [Child][MessageChannel] Error: (msgtype=0x3A0147,name=PContent::Msg_ScriptError) Channel closing: too late to send/recv, messages will be lost


###!!! [Parent][MessageChannel] Error: (msgtype=0x3A014F,name=PContent::Reply_DiscardBrowsingContext) Closed channel: cannot send/recv


###!!! [Parent][MessageChannel] Error: (msgtype=0x3A014F,name=PContent::Reply_DiscardBrowsingContext) Closed channel: cannot send/recv


###!!! [Parent][MessageChannel] Error: (msgtype=0x3A014F,name=PContent::Reply_DiscardBrowsingContext) Closed channel: cannot send/recv


###!!! [Parent][MessageChannel] Error: (msgtype=0x3A014F,name=PContent::Reply_DiscardBrowsingContext) Closed channel: cannot send/recv


###!!! [Parent][MessageChannel] Error: (msgtype=0x3A007A,name=PContent::Msg_DestroyBrowsingContextGroup) Closed channel: cannot send/recv


###!!! [Child][RunMessage] Error: Channel closing: too late to send/recv, messages will be lost


###!!! [Child][RunMessage] Error: Channel closing: too late to send/recv, messages will be lost


###!!! [Parent][RunMessage] Error: Channel closing: too late to send/recv, messages will be lost

1643309155526	geckodriver	INFO	Listening on 127.0.0.1:61721
1643309158582	mozrunner::runner	INFO	Running command: "C:\\Program Files\\Mozilla Firefox\\firefox.exe" "--marionette" "--remote-debugging-port" "61722" "-no-remote" "-profile" "C:\\Users\\ngumbk\\AppData\\Local\\Temp\\rust_mozprofilevQqEEq"
1643309159157	Marionette	INFO	Marionette enabled
console.warn: SearchSettings: "get: No settings file exists, new profile?" (new NotFoundError("Could not open the file at C:\\Users\\ngumbk\\AppData\\Local\\Temp\\rust_mozprofilevQqEEq\\search.json.mozlz4", (void 0)))
DevTools listening on ws://localhost:61722/devtools/browser/e84a3f45-786d-434c-af5a-c400377df977
1643309162829	Marionette	INFO	Listening on port 61730
1643309162878	RemoteAgent	WARN	TLS certificate errors will be ignored for this session
1643309170360	Marionette	INFO	Stopped listening on port 61730

###!!! [Parent][MessageChannel] Error: (msgtype=0x3A014F,name=PContent::Reply_DiscardBrowsingContext) Closed channel: cannot send/recv


###!!! [Parent][MessageChannel] Error: (msgtype=0x3A014F,name=PContent::Reply_DiscardBrowsingContext) Closed channel: cannot send/recv


###!!! [Parent][MessageChannel] Error: (msgtype=0x3A014F,name=PContent::Reply_DiscardBrowsingContext) Closed channel: cannot send/recv


###!!! [Child][RunMessage] Error: Channel closing: too late to send/recv, messages will be lost


###!!! [Parent][MessageChannel] Error: (msgtype=0x3A014F,name=PContent::Reply_DiscardBrowsingContext) Closed channel: cannot send/recv


###!!! [Child][RunMessage] Error: Channel closing: too late to send/recv, messages will be lost


###!!! [Parent][MessageChannel] Error: (msgtype=0x3A014F,name=PContent::Reply_DiscardBrowsingContext) Closed channel: cannot send/recv


###!!! [Child][RunMessage] Error: Channel closing: too late to send/recv, messages will be lost


###!!! [Child][RunMessage] Error: Channel closing: too late to send/recv, messages will be lost


###!!! [Child][RunMessage] Error: Channel closing: too late to send/recv, messages will be lost


###!!! [Child][RunMessage] Error: Channel closing: too late to send/recv, messages will be lost


###!!! [Child][RunMessage] Error: Channel closing: too late to send/recv, messages will be lost


###!!! [Child][MessageChannel] Error: (msgtype=0x3A0147,name=PContent::Msg_ScriptError) Channel closing: too late to send/recv, messages will be lost


###!!! [Child][RunMessage] Error: Channel closing: too late to send/recv, messages will be lost


###!!! [Parent][MessageChannel] Error: (msgtype=0x3A007A,name=PContent::Msg_DestroyBrowsingContextGroup) Closed channel: cannot send/recv

JavaScript error: resource://gre/modules/Sqlite.jsm, line 1105: Error: Sqlite.jsm has been shutdown. Cannot open connection to: C:\Users\ngumbk\AppData\Local\Temp\rust_mozprofilevQqEEq\protections.sqlite

###!!! [Parent][RunMessage] Error: Channel closing: too late to send/recv, messages will be lost

1643309236511	geckodriver	INFO	Listening on 127.0.0.1:61838
1643309239589	mozrunner::runner	INFO	Running command: "C:\\Program Files\\Mozilla Firefox\\firefox.exe" "--marionette" "--remote-debugging-port" "61839" "-no-remote" "-profile" "C:\\Users\\ngumbk\\AppData\\Local\\Temp\\rust_mozprofileGA7nsj"
1643309240184	Marionette	INFO	Marionette enabled
console.warn: SearchSettings: "get: No settings file exists, new profile?" (new NotFoundError("Could not open the file at C:\\Users\\ngumbk\\AppData\\Local\\Temp\\rust_mozprofileGA7nsj\\search.json.mozlz4", (void 0)))
DevTools listening on ws://localhost:61839/devtools/browser/fdd94445-cc19-4f51-868a-d059b911a7be
1643309243564	Marionette	INFO	Listening on port 61844
1643309243788	RemoteAgent	WARN	TLS certificate errors will be ignored for this session
1643309260355	Marionette	INFO	Stopped listening on port 61844

###!!! [Parent][MessageChannel] Error: (msgtype=0x3A014F,name=PContent::Reply_DiscardBrowsingContext) Closed channel: cannot send/recv


###!!! [Parent][MessageChannel] Error: (msgtype=0x3A014F,name=PContent::Reply_DiscardBrowsingContext) Closed channel: cannot send/recv


###!!! [Parent][MessageChannel] Error: (msgtype=0x3A014F,name=PContent::Reply_DiscardBrowsingContext) Closed channel: cannot send/recv


###!!! [Parent][MessageChannel] Error: (msgtype=0x3A014F,name=PContent::Reply_DiscardBrowsingContext) Closed channel: cannot send/recv


###!!! [Parent][MessageChannel] Error: (msgtype=0x3A014F,name=PContent::Reply_DiscardBrowsingContext) Closed channel: cannot send/recv


###!!! [Child][RunMessage] Error: Channel closing: too late to send/recv, messages will be lost


###!!! [Child][RunMessage] Error: Channel closing: too late to send/recv, messages will be lost


###!!! [Child][RunMessage] Error: Channel closing: too late to send/recv, messages will be lost


###!!! [Parent][MessageChannel] Error: (msgtype=0x3A007A,name=PContent::Msg_DestroyBrowsingContextGroup) Closed channel: cannot send/recv


###!!! [Child][RunMessage] Error: Channel closing: too late to send/recv, messages will be lost


###!!! [Child][RunMessage] Error: Channel closing: too late to send/recv, messages will be lost


###!!! [Child][RunMessage] Error: Channel closing: too late to send/recv, messages will be lost


###!!! [Child][RunMessage] Error: Channel closing: too late to send/recv, messages will be lost

1643309886241	geckodriver	INFO	Listening on 127.0.0.1:62079
1643309889314	mozrunner::runner	INFO	Running command: "C:\\Program Files\\Mozilla Firefox\\firefox.exe" "--marionette" "--remote-debugging-port" "62080" "-no-remote" "-profile" "C:\\Users\\ngumbk\\AppData\\Local\\Temp\\rust_mozprofilehnhwek"
1643309889902	Marionette	INFO	Marionette enabled
console.warn: SearchSettings: "get: No settings file exists, new profile?" (new NotFoundError("Could not open the file at C:\\Users\\ngumbk\\AppData\\Local\\Temp\\rust_mozprofilehnhwek\\search.json.mozlz4", (void 0)))
DevTools listening on ws://localhost:62080/devtools/browser/8cf32729-4eb9-4257-86e5-7c10bbdb363c
1643309893161	Marionette	INFO	Listening on port 62085
1643309893495	RemoteAgent	WARN	TLS certificate errors will be ignored for this session
1643309896807	Marionette	INFO	Stopped listening on port 62085
console.warn: TopSitesFeed: Failed to fetch data from Contile server: NetworkError when attempting to fetch resource.
JavaScript error: chrome://remote/content/marionette/cert.js, line 55: NS_ERROR_NOT_AVAILABLE: Component returned failure code: 0x80040111 (NS_ERROR_NOT_AVAILABLE) [nsICertOverrideService.setDisableAllSecurityChecksAndLetAttackersInterceptMyData]

###!!! [Parent][RunMessage] Error: Channel closing: too late to send/recv, messages will be lost

1643309915617	geckodriver	INFO	Listening on 127.0.0.1:62128
1643309918656	mozrunner::runner	INFO	Running command: "C:\\Program Files\\Mozilla Firefox\\firefox.exe" "--marionette" "--remote-debugging-port" "62129" "-no-remote" "-profile" "C:\\Users\\ngumbk\\AppData\\Local\\Temp\\rust_mozprofileV5HVMS"
1643309919130	Marionette	INFO	Marionette enabled
console.warn: SearchSettings: "get: No settings file exists, new profile?" (new NotFoundError("Could not open the file at C:\\Users\\ngumbk\\AppData\\Local\\Temp\\rust_mozprofileV5HVMS\\search.json.mozlz4", (void 0)))
DevTools listening on ws://localhost:62129/devtools/browser/defa6a7c-715d-4100-bb38-4972e28d3ac7
1643309921489	Marionette	INFO	Listening on port 62134
1643309921826	RemoteAgent	WARN	TLS certificate errors will be ignored for this session
1643309942179	Marionette	INFO	Stopped listening on port 62134
console.warn: TopSitesFeed: Failed to fetch data from Contile server: NetworkError when attempting to fetch resource.
JavaScript error: chrome://remote/content/marionette/cert.js, line 55: NS_ERROR_NOT_AVAILABLE: Component returned failure code: 0x80040111 (NS_ERROR_NOT_AVAILABLE) [nsICertOverrideService.setDisableAllSecurityChecksAndLetAttackersInterceptMyData]
1643309960776	geckodriver	INFO	Listening on 127.0.0.1:62237
1643309963846	mozrunner::runner	INFO	Running command: "C:\\Program Files\\Mozilla Firefox\\firefox.exe" "--marionette" "--remote-debugging-port" "62238" "-no-remote" "-profile" "C:\\Users\\ngumbk\\AppData\\Local\\Temp\\rust_mozprofile2od0Ev"
1643309964456	Marionette	INFO	Marionette enabled
console.warn: SearchSettings: "get: No settings file exists, new profile?" (new NotFoundError("Could not open the file at C:\\Users\\ngumbk\\AppData\\Local\\Temp\\rust_mozprofile2od0Ev\\search.json.mozlz4", (void 0)))
DevTools listening on ws://localhost:62238/devtools/browser/b46ecc51-a675-4fd5-bcd3-578c0d197ab9
1643309967857	Marionette	INFO	Listening on port 62243
1643309968058	RemoteAgent	WARN	TLS certificate errors will be ignored for this session
1643309978625	Marionette	INFO	Stopped listening on port 62243

###!!! [Parent][MessageChannel] Error: (msgtype=0x3A014F,name=PContent::Reply_DiscardBrowsingContext) Closed channel: cannot send/recv


###!!! [Parent][MessageChannel] Error: (msgtype=0x3A014F,name=PContent::Reply_DiscardBrowsingContext) Closed channel: cannot send/recv


###!!! [Parent][MessageChannel] Error: (msgtype=0x3A014F,name=PContent::Reply_DiscardBrowsingContext) Closed channel: cannot send/recv


###!!! [Parent][MessageChannel] Error: (msgtype=0x3A014F,name=PContent::Reply_DiscardBrowsingContext) Closed channel: cannot send/recv


###!!! [Parent][MessageChannel] Error: (msgtype=0x3A014F,name=PContent::Reply_DiscardBrowsingContext) Closed channel: cannot send/recv


###!!! [Child][RunMessage] Error: Channel closing: too late to send/recv, messages will be lost


###!!! [Child][RunMessage] Error: Channel closing: too late to send/recv, messages will be lost


###!!! [Child][RunMessage] Error: Channel closing: too late to send/recv, messages will be lost


###!!! [Child][RunMessage] Error: Channel closing: too late to send/recv, messages will be lost


###!!! [Child][RunMessage] Error: Channel closing: too late to send/recv, messages will be lost


###!!! [Parent][MessageChannel] Error: (msgtype=0x3A007A,name=PContent::Msg_DestroyBrowsingContextGroup) Closed channel: cannot send/recv


###!!! [Child][RunMessage] Error: Channel closing: too late to send/recv, messages will be lost


###!!! [Child][RunMessage] Error: Channel closing: too late to send/recv, messages will be lost


###!!! [Child][RunMessage] Error: Channel closing: too late to send/recv, messages will be lost


###!!! [Child][MessageChannel] Error: (msgtype=0x3A0147,name=PContent::Msg_ScriptError) Channel closing: too late to send/recv, messages will be lost


###!!! [Child][RunMessage] Error: Channel closing: too late to send/recv, messages will be lost


###!!! [Parent][RunMessage] Error: Channel closing: too late to send/recv, messages will be lost

1643310025272	geckodriver	INFO	Listening on 127.0.0.1:62345
1643310028325	mozrunner::runner	INFO	Running command: "C:\\Program Files\\Mozilla Firefox\\firefox.exe" "--marionette" "--remote-debugging-port" "62346" "-no-remote" "-profile" "C:\\Users\\ngumbk\\AppData\\Local\\Temp\\rust_mozprofilegoJZ0E"
1643310028983	Marionette	INFO	Marionette enabled
console.warn: SearchSettings: "get: No settings file exists, new profile?" (new NotFoundError("Could not open the file at C:\\Users\\ngumbk\\AppData\\Local\\Temp\\rust_mozprofilegoJZ0E\\search.json.mozlz4", (void 0)))
DevTools listening on ws://localhost:62346/devtools/browser/76eae5bb-e0c0-4bf1-a9d2-69e71b3a7750
1643310032314	Marionette	INFO	Listening on port 62351
1643310032530	RemoteAgent	WARN	TLS certificate errors will be ignored for this session
JavaScript warning: https://csgorun.gg/static/js/2.0271b23b.chunk.js, line 2: WebGL context was lost.
JavaScript warning: https://csgorun.gg/static/js/2.0271b23b.chunk.js, line 2: WEBGL_debug_renderer_info is deprecated in Firefox and will be removed. Please use RENDERER.
JavaScript warning: https://csgorun.gg/static/js/2.0271b23b.chunk.js, line 2: WebGL context was lost.
JavaScript warning: https://csgorun.gg/static/js/2.0271b23b.chunk.js, line 2: WebGL context was lost.
JavaScript warning: https://csgorun.gg/static/js/2.0271b23b.chunk.js, line 2: WEBGL_debug_renderer_info is deprecated in Firefox and will be removed. Please use RENDERER.
JavaScript warning: https://csgorun.gg/static/js/2.0271b23b.chunk.js, line 2: WebGL context was lost.
JavaScript warning: https://mc.yandex.ru/metrika/tag.js, line 11: WEBGL_debug_renderer_info is deprecated in Firefox and will be removed. Please use RENDERER.
1643310037752	Marionette	INFO	Stopped listening on port 62351

###!!! [Child][MessageChannel] Error: (msgtype=0x5A0008,name=PHttpChannel::Msg_DeletingChannel) Channel closing: too late to send/recv, messages will be lost


###!!! [Child][MessageChannel] Error: (msgtype=0x5A0007,name=PHttpChannel::Msg_RemoveCorsPreflightCacheEntry) Channel closing: too late to send/recv, messages will be lost


###!!! [Child][MessageChannel] Error: (msgtype=0x5A0008,name=PHttpChannel::Msg_DeletingChannel) Channel closing: too late to send/recv, messages will be lost


###!!! [Child][MessageChannel] Error: (msgtype=0x6B0023,name=PNecko::Msg_RemoveRequestContext) Channel closing: too late to send/recv, messages will be lost


###!!! [Child][MessageChannel] Error: (msgtype=0x6B0023,name=PNecko::Msg_RemoveRequestContext) Channel closing: too late to send/recv, messages will be lost


###!!! [Child][MessageChannel] Error: (msgtype=0x5A0008,name=PHttpChannel::Msg_DeletingChannel) Channel closing: too late to send/recv, messages will be lost


###!!! [Parent][RunMessage] Error: Channel closing: too late to send/recv, messages will be lost

